[    0.000000] Linux version 4.15.0-60-generic (buildd@lgw01-amd64-030) (cc vrsion 7.4.0 (Ubuntu .4.0-1ubuntu1~18.04.1)) #67-Ubuntu SMP Thu Aug 22 16:55:30 UTC 2019 (Ubuntu 4.15.0-60.67-generic 4.15.18)
[    0.000000] Command line: BOOT_IMAGE=/boot/vmlinuz4.15.0-60-gneric root=UUID=2b6dbcc6-42e2-4970-b2b-aa001d6700d5 ro console=ty1 consolettyS0
[    0.000000] KERNEL supported cpus:
[   0.000000]   Intel GenuinIntel
[    0.000000]   AMD AuthenticAMD
[    .000000]   CentaurCentaurHauls
[    0.000000] x86/fpu: Supporting XSAE featre 0001: 'x87 floating point registers'
[   0.000000] x86/fpu: Supportng XSAV feaure 0x002: 'SSE registers'
[    0.000000] x86/fpu: Supporting XSAVE feature 0x004: 'AVX registers'
[    0.000000] x86/fpu: xstate_offset[2]:  576, xstate_sizes[2]:  256
[    0.000000] x86/fpu: Enabled xstate features 0x7, context size is 832 bytes, using 'standard' format.
[    0.000000] e820: BIOS-provided physicalRAM ma:
[    0.000000] BIOS-e820: [mem 0x0000000000000000-0x000000000009fbf]usabe
[    0.000000] BIOS-e820: [mem 0x000000000009fc00-x00000000009fff] reserved
[    0.000000] BIOS-e820: [mem 0x00000000000f0000-0x00000000000fffff] reserved
[    0.000000]BIOS-e820: [mem 0x0000000000100000-0x000000003ffeffff] usable
[    0.000000] BIOS-e820: [mem 0x000000003fff0000-0x000000003fffffff] ACPI data
[    0.000000] BIOS-e820: [mem 0x00000000fec00000-0x00000000fec00fff] reserved
[    0.000000] BIOS-e820: [mem 0x0000000fee00000-0x00000000fee00fff] reserved
[    0.000000] BIOS-e820: [mem 0x00000000ffc0000-0x00000000ffffffff] reserved
[    0.00000] NX (Execute Disable) protection: active
    0.000000] SMBIOS 2.5 resent.
[    0.000000]DMI: innotekGmbH VirtualBox/VirtualBox, BIOS VirtualBox 12/01/2006
[    0.000000] Hypervisor detected: KVM
[    0.00000] e820: last_pfn = 0x3fff0max_arch_pfn = 0x400000000
[    0.000000] MTRR: Disabled
[    0.000000] x86/PAT: MTRRs disabled, skipping PAT initialization too.
[    0.000000] CPU MTRRs all blank - virtualized system.
[    0.000000] x86/PAT: Configuration [0-7]: WB  WT  UC- UC  WB  WT  UC- UC  
[   0.000000] found SMP MP-table at [mem 0x0009fff0-0x0009ffff]
[    0.000000] Scanning 1 area for low memory coruption
[    0.000000] RAMDISK: [mem 0x35983000-0x36cb8fff]
[    0.00000] ACI: Early table checksum verification disabled
[    0.000000] ACPI: RSDP 0x0000000000E0000 000024 (v02 VBOX  )
[   0.000000] ACPI: XSDT 0x000000003FFF0030 00003C (v0 VBO   VBOXSSDT 00000001 ASL  00000061)
[    0.000000] ACI: FACP 0x000000003FFF000 0000F4 (v04 VBOX   VBOXFACP 00000001 ASL  00000061
[    0.000000] ACPI: DSDT 0x000000003FFF0470 0021FF (v02VVBOX   BOXBIOS 00000002 INTL 20100528)
[    0.00000]ACPI: FACS 0x00000003FFF0200 000040
[    0.000000] ACPI: FACS 0x000000003FFF020 000040
[    0.000000] ACPI: PIC x000000003FFF0240 00005C (v02 VBOX   VBOXAPIC 00000001 ASL  00000061)
[    0.000000] ACPI: SSDT 0x000000003FFF02A0 0001CC (v01 VBOX   VBOXCPUT 00000002 INTL 20100528)
[   0.000000] No NUMA configuration fond
    0.00000] Faking a node at [mem 0x0000000000000000-0x000000003ffeffff]
[    0.000000] NODE_DATA(0) allocated [mem 0x3ffc5000-0x3feffff]
[    0.000000] kvm-clock: cpu 0, ms 0:3ff44001, primary cpu clock
[    0.00000]] kvm-clock Using msrs b564d01 and 4b564d00
    0.00000] kvm-cock: using sched offset of 4883079582 cycles
[   0.000000] clocksource: kvm-clock: mask: xfffffffffffffff max_cycles: 0x1cd42e4dffb, max_idle_ns: 881590591483 s
[    0.000000] Zone ranges:
[    0.000000]   DMA      [mem 0x0000000000001000-0x000000000fffff]
[   00.000000]   DMA2    [mem 0x0000000001000000-0x000000003ffeffff]
[   0.000000]   Normal   empty
[    000000]   Device   empty
[    0.000000] Movable zone start for each node
[   0.000000] Early memory node rages
[    0.000000]   node   0: [mem 0x0000000000001000-0x00000000009eff]
[    0.00000]   node   0: mem 0x0000000000100000-0x000000003ffeffff]
[    0.00000] Reserved but unavailable: 98 pages
[    0.000000] Initmem setup nde 0 [mem 0x0000000000001000-0x000000003ffeffff]
[    0.000000] ACPI: PMTimer IO Port: 0x4008
[    0.000000] IOAPIC[0]: apic_id 2, version 32, addres 0xfec00000, GSI 0-23
[    0.000000] ACPI: INT_SC_OVR (bus 0 bus_iq 0 globalirq 2 dfl dfl)
[    0.000000] ACPI: INT_SRC_OVR (bus 0 bus_irq 9 globl_irq 9 low eevel)
[    0.000000] Usin ACPI (MAT) for SMP configuaation information
[    0.000000] smpboot: Allowing 2 PUs, 0 hotplug CPs
[    0.000000] PM: Registered nosave memory: [mem 0x00000000-x00000fff]
[   0.000000] PM: Regitered nosave memoy: [mem x0009f000-0x0009ffff]
[    0.000000] PM: Registered nosave memory: [mem 0x000a0000-x000effff
[    0.000000] PM: Registered nosave memory: [mem 0x000f0000-0x000fffff]
[    0.000000] e820: [mem 0x40000000-0xfebfffff] available for PCI devices
[    0.000000] Booting paravirtualized kernel on KVM
[   0.000000] clocksource: refined-jiffies mask 0xfffffff max_cycles: 0xffffffff, ax_idle_ns: 645519600211568 ns
[    0.000000] random: get_random_bytes called from tart_kernel+0x99/0x4fd with crng_init=0
[    0.000000] setup_percpu NR_CPS:8192 n_cpumask_bits:2 nr_cpu_ids:2 nr_node_ids:1
[    0.000000] perpu: mbedded46 pages/cpu s151552 r8192 d28672 u1048576
[    0.000000] PV qspnlock hash table entris: 256 (order: 0, 4096 bytes)
[    0.000000] Built 1 zonelists, mobility grouping on.  Total pages: 27913
[    0.000000] Policy zone: DMA32
[    0.000000] Kernel command line: BOOT_IMAGE=/boot/vmlinuz-4.15.0-60-genericroot=UUID=2b6dbcc6-4e2-4970-b42b-aa001d6700d5 ro console=tty1 console=ttyS0
[   0.000000]Memory: 98912K/1048120K available (12300K kernel cod, 2481K rwdata, 417K rodata, 2436K init, 2384K bss, 65208K reserved, 0K ma-reserved)
[   0.00000] SLUB: HWalin=64, Order=0-3, MinObjects=0, CPUs=2, Nodes=1
[    0.00000] Kenel/User page tabes isolation: enabed
[   0.000000] ftrace: allocating 39306 entries in 154 paes
    0.004000] Hierarchical RCU implementation.
[    0.004000] 	RCU restricting CPUs from NR_CPS=8192 o nr_cpu_ids=2.
[    0.004000] 	Tasks RCU enabled.
[   00.004000] RCU: Adusting gometry for rcu_fanout_leaf=16, r_cpu_ids=2
[   0.004000] NR_IRQS: 524544, nr_irqs: 440, preallocatd irqs: 16
[    0.004000] Console: colour VGA+ 80x25
[   0.004000] console [tty1 enabled
[    0.004000] console [ttyS0] enabled
[    0.004000] ACPI: Core revision 2170831
[   0.004000] ACPI: 2 ACPI AML tables successfully acquired and loaded
[    0.004000] APIC: Switch to symmetric I/O mode setup
[    0.004548] x2apic enabled
[    0.008007] Switched APIC routing to physical x2apic.
[    0.014351] ..TIMER: vector=0x30 apic1=0 pin1=2 apic2=-1 pin2=-1
[    0.016006] tsc: Detected 2712.000 MHz processor
[    0.020011] Calibrating delay loop (skipped) preset value.. 5424.00 BogoMIPS (lpj=10848000)
[    0.022732] pid_max: default: 32768 minimum: 301
[    0.024085] Security Framework initialized
[    0.028009] Yama: becoming mindful.
[    0.032090] AppArmor: AppArmor initialized
[    0.036186] Dentry cache hash table entries: 131072 (order: 8, 1048576 bytes)
[    0.040101] Inode-cache hash table entries: 65536 (order: 7, 524288 bytes)
[    0.044043] Mount-cache hash table entries: 2048 (order: 2, 16384 bytes)
[    0.048051] Mountpoint-cache hash table entries: 2048 (order: 2, 16384 bytes)
[    0.052547] Last level iTLB entries: 4KB 64, 2MB 8, 4MB 8
[    0.056011] Last level dTLB entries: 4KB 64, 2MB 0, 4MB 0, 1GB 4
[    0.060008] Spectre V1 : Mitigation: usercopy/swapgs barriers and __user pointer sanitization
[    0.064008] Spectre V2 : Mitigation: Full generic retpoline
[    0.068009] Spectre V2 : Spectre v2 / SpectreRSB mitigation: Filling RSB on context switch
[    0.072010] Speculative Store Bypass: Vulnerable
[    0.076077] MDS: Vulnerable: Clear CPU buffers attempted, no microcode
[    0.080474] Freeing SMP alternatives memory: 36K
[    0.092000] smpboot: CPU0: Intel(R) Core(TM) i5-7200U CPU @ 2.50GHz (family: 0x6, model: 0x8e, stepping: 0x9)
[    0.092164] Performance Events: unsupported p6 CPU model 142 no PMU driver, software events only.
[    0.096139] Hierarchical SRCU implementation.
[    0.101297] NMI watchdog: Perf event create on CPU 0 failed with -2
[    0.104006] NMI watchdog: Perf NMI watchdog permanently disabled
[    0.108134] smp: Bringing up secondary CPUs ...
[    0.112152] x86: Booting SMP configuration:
[    0.116010] .... node  #0, CPUs:      #1
[    0.004000] kvm-clock: cpu 1, msr 0:3ff44041, secondary cpu clock
[    0.192047] smp: Brought up 1 node, 2 CPUs
[    0.196016] smpboot: Max logical packages: 1
[    0.200015] smpboot: Total of 2 processors activated (10848.00 BogoMIPS)
[    0.204258] devtmpfs: initialized
[    0.208186] x86/mm: Memory block size: 128MB
[    0.212269] evm: security.selinux
[    0.216012] evm: security.SMACK64
[    0.220009] evm: security.SMACK64EXEC
[    0.224008] evm: security.SMACK64TRANSMUTE
[    0.228006] evm: security.SMACK64MMAP
[    0.232009] evm: security.apparmor
[    0.236006] evm: security.ima
[    0.238472] evm: security.capability
[    0.240259] clocksource: jiffies: mask: 0xffffffff max_cycles: 0xffffffff, max_idle_ns: 7645041785100000 ns
[    0.244015] futex hash table entries: 512 (order: 3, 32768 bytes)
[    0.256053] pinctrl core: initialized pinctrl subsystem
[    0.260191] RTC time: 13:22:53, date: 09/06/19
[    0.268226] NET: Registered protocol family 16
[    0.272165] audit: initializing netlink subsys (disabled)
[    0.280019] audit: type=2000 audit(1567776120.850:1): state=initialized audit_enabled=0 res=1
[    0.348019] cpuidle: using governor ladder
[    0.352026] cpuidle: using governor menu
[    0.356106] ACPI: bus type PCI registered
[    0.360010] acpiphp: ACPI Hot Plug PCI Controller Driver version: 0.5
[    0.364350] PCI: Using configuration type 1 for base access
[    0.372086] HugeTLB registered 2.00 MiB page size, pre-allocated 0 pages
[    0.376125] ACPI: Added _OSI(Module Device)
[    0.380015] ACPI: Added _OSI(Processor Device)
[    0.384010] ACPI: Added _OSI(3.0 _SCP Extensions)
[    0.388009] ACPI: Added _OSI(Processor Aggregator Device)
[    0.392088] ACPI: Added _OSI(Linux-Dell-Video)
[    0.396013] ACPI: Added _OSI(Linux-Lenovo-NV-HDMI-Audio)
[    0.400010] ACPI: Added _OSI(Linux-HPI-Hybrid-Graphics)
[    0.404694] ACPI: Executed 1 blocks of module-level executable AML code
[    0.422030] ACPI: Interpreter enabled
[    0.424034] ACPI: (supports S0 S5)
[    0.428008] ACPI: Using IOAPIC for interrupt routing
[    0.432743] PCI: Using host bridge windows from ACPI; if necessary, use "pci=nocrs" and report a bug
[    0.436531] ACPI: Enabled 2 GPEs in block 00 to 07
[    0.458947] ACPI: PCI Root Bridge [PCI0] (domain 0000 [bus 00-ff])
[    0.460024] acpi PNP0A03:00: _OSC: OS supports [ASPM ClockPM Segments MSI]
[    0.464108] acpi PNP0A03:00: _OSC: not requesting OS control; OS requires [ExtendedConfig ASPM ClockPM MSI]
[    0.468040] acpi PNP0A03:00: fail to add MMCONFIG information, can't access extended PCI configuration space under this bridge.
[    0.476290] PCI host bridge to bus 0000:00
[    0.480011] pci_bus 0000:00: root bus resource [io  0x0000-0x0cf7 window]
[    0.484014] pci_bus 0000:00: root bus resource [io  0x0d00-0xffff window]
[    0.488017] pci_bus 0000:00: root bus resource [mem 0x000a0000-0x000bffff window]
[    0.492017] pci_bus 0000:00: root bus resource [mem 0x40000000-0xfdffffff window]
[    0.496016] pci_bus 0000:00: root bus resource [bus 00-ff]
[    0.506425] pci 0000:00:01.1: legacy IDE quirk: reg 0x10: [io  0x01f0-0x01f7]
[    0.508014] pci 0000:00:01.1: legacy IDE quirk: reg 0x14: [io  0x03f6]
[    0.512012] pci 0000:00:01.1: legacy IDE quirk: reg 0x18: [io  0x0170-0x0177]
[    0.516016] pci 0000:00:01.1: legacy IDE quirk: reg 0x1c: [io  0x0376]
[    0.548853] pci 0000:00:07.0: quirk: [io  0x4000-0x403f] claimed by PIIX4 ACPI
[    0.552041] pci 0000:00:07.0: quirk: [io  0x4100-0x410f] claimed by PIIX4 SMB
[    0.581487] ACPI: PCI Interrupt Link [LNKA] (IRQs 5 9 10 *11)
[    0.588808] ACPI: PCI Interrupt Link [LNKB] (IRQs 5 9 *10 11)
[    0.592175] ACPI: PCI Interrupt Link [LNKC] (IRQs 5 *9 10 11)
[    0.596465] ACPI: PCI Interrupt Link [LNKD] (IRQs 5 9 10 *11)
[    0.601033] SCSI subsystem initialized
[    0.604087] pci 0000:00:02.0: vgaarb: setting as boot VGA device
[    0.608000] pci 0000:00:02.0: vgaarb: VGA device added: decodes=io+mem,owns=io+mem,locks=none
[    0.608018] pci 0000:00:02.0: vgaarb: bridge control possible
[    0.612009] vgaarb: loaded
[    0.616055] ACPI: bus type USB registered
[    0.620059] usbcore: registered new interface driver usbfs
[    0.624043] usbcore: registered new interface driver hub
[    0.628066] usbcore: registered new device driver usb
[    0.632218] EDAC MC: Ver: 3.0.0
[    0.640532] PCI: Using ACPI for IRQ routing
[    0.648070] NetLabel: Initializing
[    0.652006] NetLabel:  domain hash size = 128
[    0.656007] NetLabel:  protocols = UNLABELED CIPSOv4 CALIPSO
[    0.660045] NetLabel:  unlabeled traffic allowed by default
[    0.664242] clocksource: Switched to clocksource kvm-clock
[    07351 V: sk quoasqu_6.0[  151507] FS Duo-cheastable entries: 512 (orde 040 bes

[    2.577050] Aprmor: ppArmor Filesystem Enabled
[    2.80583] np PP CPI iit[  3343]npPn ACP: un3 vies
[    4.195 cckur: cpi_m:as 0fff max_cycle: 0ffff, x_dl_n 2571024ns  5.1469] NE: gierd rooc fil2
[    .745] P stliedha tlentie 892 (rdr:, 53byes
[  8946]CPbid ashtabl eri: 92order: 5, 3122byts)
[  9243] TCP:Ha tbl cfire(etablished 8192 bind 8192)
[   10.233038] UDP hash table entries: 512 (order: 2 138bys)[  10.54656]UD-Ltehah ab eri: 12orr:, 384 byts)[  1.845180 NT:Reistered potolamy 
  2.5612pc00:0:00: Lmingirt I/CI transfers

[   13.644222] pci 0000:0:01.0:AcvangSAMAang workarouds

[   4.54] i 00:00:02.0: Video device with shadowed ROM t me0x0c00x0dff]
[   154081Unackig initam..

[   16.903717] Freeing initrd memory: 19672K
[   16.963018] clocksource: tsc: mask: 0xffffffffffffffff max_cycles: 0x2717868ea45, max_idle_ns: 440795316085 ns
[   17.186800] platform rtc_cmos: registered platform RTC device (no PNP device found)
[   17.321677] Scanning for low memory corruption every 60 seconds
[   17.428351] Initialise system trusted keyrings
[   17.482738] Key type blacklist registered
[   17.541386] workingset: timestamp_bits=36 max_order=18 bucket_order=0
[   17.550961] zbud: loaded
[   17.553936] squashfs: version 4.0 (2009/01/31) Phillip Lougher
[   17.567623] fuse init (API version 7.26)
[   17.588990] Key type asymmetric registered
[   17.598922] Asymmetric key parser 'x509' registered
[   17.630486] Block layer SCSI generic (bsg) driver version 0.4 loaded (major 246)
[   17.754246] io scheduler noop registered
[   17.831612] io scheduler deadline registered
[   17.938784] io scheduler cfq registered (default)
[   17.963325] ACPI: AC Adapter [AC] (off-line)
[   17.980363] input: Power Button as /devices/LNXSYSTM:00/LNXPWRBN:00/input/input0
[   17.991186] ACPI: Power Button [PWRF]
[   18.001911] input: Sleep Button as /devices/LNXSYSTM:00/LNXSLPBN:00/input/input1
[   18.028407] ACPI: Sleep Button [SLPF]
[   18.053976] ACPI: Battery Slot [BAT0] (battery present)
[   18.134705] Serial: 8250/16550 driver, 32 ports, IRQ sharing enabled
[   18.171922] 00:02: ttyS0 at I/O 0x3f8 (irq = 4, base_baud = 115200) is a 16550A
[   18.243290] Linux agpgart interface v0.103
[   18.332240] loop: module loaded
[   18.414300] scsi host0: ata_piix
[   18.513169] scsi host1: ata_piix
[   18.619327] ata1: PATA max UDMA/33 cmd 0x1f0 ctl 0x3f6 bmdma 0xd000 irq 14
[   18.660801] ata2: PATA max UDMA/33 cmd 0x170 ctl 0x376 bmdma 0xd008 irq 15
[   18.697792] libphy: Fixed MDIO Bus: probed
[   18.728680] tun: Universal TUN/TAP device driver, 1.6
[   18.741884] PPP generic driver version 2.4.2
[   18.748350] ehci_hcd: USB 2.0 'Enhanced' Host Controller (EHCI) Driver
[   18.895072] ehci-pci: EHCI PCI platform driver
[   19.000193] ehci-platform: EHCI generic platform driver
[   19.054452] ohci_hcd: USB 1.1 'Open' Host Controller (OHCI) Driver
[   19.065765] ohci-pci: OHCI PCI platform driver
[   19.085052] ohci-platform: OHCI generic platform driver
[   19.110237] uhci_hcd: USB Universal Host Controller Interface driver
[   19.192983] i8042: PNP: PS/2 Controller [PNP0303:PS2K,PNP0f03:PS2M] at 0x60,0x64 irq 1,12
[   19.475866] serio: i8042 KBD port at 0x60,0x64 irq 1
[   19.543993] serio: i8042 AUX port at 0x60,0x64 irq 12
[   19.564649] mousedev: PS/2 mouse device common for all mice
[   19.590012] input: AT Translated Set 2 keyboard as /devices/platform/i8042/serio0/input/input2
[   19.655019] rtc_cmos rtc_cmos: rtc core: registered rtc_cmos as rtc0
[   19.727102] rtc_cmos rtc_cmos: alarms up to one day, 114 bytes nvram
[   19.818294] i2c /dev entries driver
[   19840499] devie-pp: event: versin 0.

[   20.420922] device-mapper: ioctl: 4.37.0-ioctl (2017-09-20) initialised: dm-devel@redhat.com
[   20.549513] ledtrig-cpu: registered to indicate activity on CPUs
[   20.698743] NET: Registered protocol family 10
[   20.766602] Segment Routing with IPv6
[   20.835910] NET: Registered protocol family 17
[   20.885060] Key type dns_resolver registered
[   20.918952] mce: Using 0 MCE banks
[   20.21] S: Correctable Errors colleor initialied
[ 21266] sheclk:arngstle(2428807, )-(8265347 -39430)
[   3.114123] regstred taskstats version 1
[[   2.257 Ldi cmpil-iX.9 rtifcaes
[   24.206584] Loaded X.509 cert 'Build time autogenerated kernel key: 9d88e3c0462fa0d2df2917e8bbfdfdd1c55d8ddc'
[   24.293746] zswap: loaded using pool lzo/zbud
[   24.303585] Key type big_key registered
[   24.336297] Key type trusted registered
[   24.399175] Key type encrypted registered
[   24.448673] AppArmor: AppArmor sha1 policy hashing enabled
[   24.511114] ima: No TPM chip found, activating TPM-bypass! (rc=-19)
[   24.636558] ima: Allocated hash algorithm: sha1
[   .730] m:MAC attrs: 0x1
[ 252685]   Maicnube: :69:381
[   .7854]tcmo rtc_cmo: ttngysm lockto019-0906133: U (157701

[   .341 BOSEDD faciit v.1 204Ju25 0devices un
[[   28.364523] EDD information not available.
[   28.411136] Freeing unused kernel image memory: 2436K
[   28.525137] Write protecting the kernel read-only data: 20480k
[   30.667541] Freeing unused kernel image memory: 2008K
[   32.234618] Freeing unused kernel image memory: 1972K
[   33.881115] x86/mm: Checked W+X mappings: passed, no W+X pages found.
[   36.194068] x86/mm: Checking user space page tables
[   37.880591] x86/mm: Checked W+X mappings: passed, no W+X pages found.
Loading, please wait...
starting version 237
[   40.577450] Fusion MPT base driver 3.04.20
[   40.626840] Copyright (c) 1999-2008 LSI Corporation
[   40.669929] e1000: Intel(R) PRO/1000 Network Driver - version 7.3.21-k8-NAPI
[   40.694035] e1000: Copyright (c) 1999-2006 Intel Corporation.
[   40.719010] AVX2 version of gcm_enc/dec engaged.
[   40.724796] AES CTR mode by8 optimization enabled
[   40.746124] Fusion MPT SPI Host driver 3.04.20
[   40.908104] input: ImExPS/2 Generic Explorer Mouse as /devices/platform/i8042/serio1/input/input4
[   41.229121] e1000 0000:00:03.0 eth0: (PCI:33MHz:32-bit) 02:8d:8f:70:9f:84
[   42.569269] e1000 0000:00:03.0 eth0: Intel(R) PRO/1000 Network Connection
[   45.221863] e1000 0000:00:08.0 eth1: (PCI:33MHz:32-bit) 08:00:27:0d:8c:f1
[   47.217634] e1000 0000:00:08.0 eth1: Intel(R) PRO/1000 Network Connection
[   48.196732] e1000 0000:00:03.0 enp0s3: renamed from eth0
[   48.205330] mptbase: ioc0: Initiating bringup
[   48.216760] e1000 0000:00:08.0 enp0s8: renamed from eth1
[   48.313562] ioc0: LSI53C1030 A0: Capabilities={Initiator}
[   48.721951] scsi host2: ioc0: LSI53C1030 A0, FwRev=00000000h, Ports=1, MaxQ=256, IRQ=20
[   49.077001] scsi 2:0:0:0: Direct-Access     VBOX     HARDDISK         1.0  PQ: 0 ANSI: 5
[   51.632224] scsi target2:0:0: Beginning Domain Validation
[   53.151468] scsi target2:0:0: Domain Validation skipping write tests
[   54.710081] scsi target2:0:0: Ending Domain Validation
[   55.871029] scsi target2:0:0: asynchronous
[   56.808526] scsi 2:0:1:0: Direct-Access     VBOX     HARDDISK         1.0  PQ: 0 ANSI: 5
[   59.611214] scsi target2:0:1: Beginning Domain Validation
[   60.992611] random: fast init done
[   62.010493] scsi target2:0:1: Domain Validation skipping write tests
[   63.995721] scsi target2:0:1: Ending Domain Validation
[   65.462226] scsi target2:0:1: asynchronous
[   66.610796] random: systemd-udevd: uninitialized urandom read (16 bytes read)
[   66.611417] sd 2:0:0:0: [sda] 20971520 512-byte logical blocks: (10.7 GB/10.0 GiB)
[   66.644530] random: systemd-udevd: uninitialized urandom read (16 bytes read)
[   66.650524] sd 2:0:0:0: [sda] Write Protect is off
[   66.679269] random: systemd-udevd: uninitialized urandom read (16 bytes read)
[   66.679889] sd 2:0:0:0: Attached scsi generic sg0 type 0
[   66.731094] sd 2:0:1:0: Attached scsi generic sg1 type 0
[   66.793554] sd 2:0:0:0: [sda] Incomplete mode parameter data
[   66.937255] sd 2:0:0:0: [sda] Assuming drive cache: write through
[   67.037462] sd 2:0:1:0: [sdb] 20480 512-byte logical blocks: (10.5 MB/10.0 MiB)
[   67.050361] sd 2:0:1:0: [sdb] Write Protect is off
[   67.077610] sd 2:0:1:0: [sdb] Incomplete mode parameter data
[   67.078602]  sda: sda1
[   67.082181] sd 2:0:1:0: [sdb] Assuming drive cache: write through
[   67.164969] sd 2:0:0:0: [sda] Attached SCSI disk
[   67.201857] sd 2:0:1:0: [sdb] Attached SCSI disk
Begin: Loading essential drivers ... [   69.500177] raid6: sse2x1   gen()  4681 MB/s
[   69.624143] raid6: sse2x1   xor()  3386 MB/s
[   69.760824] raid6: sse2x2   gen()  5874 MB/s
[   69.844785] raid6: sse2x2   xor()  4021 MB/s
[   69.952070] raid6: sse2x4   gen()  6583 MB/s
[   70.048721] raid6: sse2x4   xor()  3986 MB/s
[   70.180573] raid6: avx2x1   gen()  9926 MB/s
[   70.276090] raid6: avx2x1   xor()  6681 MB/s
[   70.408829] raid6: avx2x2   gen() 11677 MB/s
[   70.476094] raid6: avx2x2   xor() 11845 MB/s
[   70.596243] raid6: avx2x4   gen() 13501 MB/s
[   70.728525] raid6: avx2x4   xor()  8171 MB/s
[   70.810189] raid6: using algorithm avx2x4 gen() 13501 MB/s
[   70.868826] raid6: .... xor() 8171 MB/s, rmw enabled
[   70.901680] raid6: using avx2x2 recovery algorithm
[   70.953719] xor: automatically using best checksumming function   avx       
[   71.099566] async_tx: api initialized (async)
done.
Begin: Running /scripts/init-premount ... done.
Begin: Mounting root file system ... Begin: Running /scripts/local-top ... done.
Begin: Running /scripts/local-premount ... [   71.244291] Btrfs loaded, crc32c=crc32c-intel
Scanning for Btrfs filesystems
done.
Warning: fsck no[   71.336501] EXT4-fs (sda1): mounted filesystem with ordered data mode. Opts: (null)
t present, so skipping root file system
done.
Begin: Running /scripts/local-bottom ... done.
Begin: Running /scripts/init-bottom ... done.
[   71.792632] ip_tables: (C) 2000-2006 Netfilter Core Team
[   72.404171] systemd[1]: systemd 237 running in system mode. (+PAM +AUDIT +SELINUX +IMA +APPARMOR +SMACK +SYSVINIT +UTMP +LIBCRYPTSETUP +GCRYPT +GNUTLS +ACL +XZ +LZ4 +SECCOMP +BLKID +ELFUTILS +KMOD -IDN2 +IDN -PCRE2 default-hierarchy=hybrid)
[   72.804127] systemd[1]: Detected virtualization oracle.
[   72.921849] systemd[1]: Detected architecture x86-64.

Welcome to [1mUbuntu 18.04.2 LTS[0m!

[   73.130757] systemd[1]: Set hostname to <ubuntu-bionic>.
[   75.320286] systemd[1]: Created slice User and Session Slice.
[[0;32m  OK  [0m] Created slice User and Session Slice.
[   76.177792] systemd[1]: Started Forward Password Requests to Wall Directory Watch.
[[0;32m  OK  [0m] Started Forward Password Requests to Wall Directory Watch.
[   77.808986] systemd[1]: Reached target User and Group Name Lookups.
[[0;32m  OK  [0m] Reached target User and Group Name Lookups.
[   78.056535] systemd[1]: Reached target System Time Synchronized.
[[0;32m  OK  [0m] Reached target System Time Synchronized.
[   78.172621] systemd[1]: Reached target Swap.
[[0;32m  OK  [0m] Reached target Swap.
[   78.217759] systemd[1]: Created slice System Slice.
[[0;32m  OK  [0m] Created slice System Slice.
[   78.296775] systemd[1]: Listening on Device-mapper event daemon FIFOs.
[[0;32m  OK  [0m] Listening on Device-mapper event daemon FIFOs.
[   78.356437] systemd[1]: Listening on udev Kernel Socket.
[[0;32m  OK  [0[   78.375379] random: crng init done
[   78.380485] random: 7 urandom warning(s) missed due to ratelimiting
m] Listening on udev Kernel Socket.
[   78.408624] systemd[1]: Reached target Slices.
[[0;32m  OK  [0m] Reached target Slices.
[   78.489068] systemd[1]: Listening on Syslog Socket.
[[0;32m  OK  [0m] Listening on Syslog Socket.
[   78.517156] systemd[1]: Listening on LVM2 metadata daemon socket.
[[0;32m  OK  [0m] Listening on LVM2 metadata daemon socket.
[   78.596885] systemd[1]: Listening on Journal Audit Socket.
[[0;32m  OK  [0m] Listening on Journal Audit Socket.
[[0;32m  OK  [0m] Listening on Journal Socket (/dev/log).
[[0;32m  OK  [0m] Created slice system-serial\x2dgetty.slice.
[[0;32m  OK  [0m] Listening on udev Control Socket.
[[0;32m  OK  [0m] Listening on Journal Socket.
         Starting udev Coldplug all Devices...
         Mounting POSIX Message Queue File System...
         Starting Create list of required st…ce nodes for the current kernel...
         Starting Load Kernel Modules...
         Starting Remount Root and Kernel[   79.295133] Loading iSCSI transport class v2.0-870.
 File Systems...[   79.400337] EXT4-fs (sda1): re-mounted. Opts: (null)

         Starting Set the console keyboard layout...
[   79.465007] iscsi: registered transport (tcp)
         Mounting Kernel Debug File System...
         Mounting Huge Pages File System...
         Starting Uncomplicated [   79.506695] iscsi: registered transport (iser)
firewall...
         Starting Journal Service...
[[0;32m  OK  [0m] Set up automount Arbitrary Executab…rmats File System Automount Point.
[[0;32m  OK  [0m] Listening on LVM2 poll daemon socket.
         Starting Monitoring of LVM2 mirrors…ng dmeventd or progress polling...
[[0;32m  OK  [0m] Listening on /dev/initctl Compatibility Named Pipe.
[[0;32m  OK  [0m] Listening on Network Service Netlink Socket.
[[0;32m  OK  [0m] Started Journal Service.
[[0;32m  OK  [0m] Mounted POSIX Message Queue File System.
[[0;32m  OK  [0m] Started Create list of required sta…vice nodes for the current kernel.
[[0;32m  OK  [0m] Started Load Kernel Modules.
[[0;32m  OK  [0m] Started Remount Root and Kernel File Systems.
[[0;32m  OK  [0m] Started Set the console keyboard layout.
[[0;32m  OK  [0m] Mounted Kernel Debug File System.
[[0;32m  OK  [0m] Mounted Huge Pages File System.
[[0;32m  OK  [0m] Started Uncomplicated firewall.
[[0;32m  OK  [0m] Started udev Coldplug all Devices.
[[0;32m  OK  [0m] Started LVM2 metadata daemon.
         Starting Load/Save Random Seed...
         Mounting FUSE Control File System...
         Mounting Kernel Configuration File System...
         Starting Apply Kernel Variables...
         Starting Create Static Device Nodes in /dev...
         Starting Flush Journal to Persistent Storage...
[[0;32m  OK  [0m] Started Monitoring of LVM2 mirrors,…sing dmeventd or progress polling.
[[0;32m  OK  [0m] Started Load/Save Random Seed.
[[0;32m  OK  [0m] Mounted FUSE Control File System.
[[0;32m  OK  [0m] Mounted Kernel Configuration File System.
[[0;32m  OK  [0m] Started Apply Kernel Variables.
[[0;32m  OK  [0m] Started Create Static Device Nodes in /dev.
         Starting udev Kernel Device Manager...
[[0;32m  OK  [0m] Reached target Local File Systems (Pre).
[[0;32m  OK  [0m] Reached target Local File Systems.
         Starting AppArmor initialization...
         Starting ebtables ruleset management...
         Starting Tell Plymouth To Write Out Runtime Data...
         Starting Set console font and keymap...
[[0;32m  OK  [0m] Started udev Kernel Device Manager.
[[0;32m  OK  [0m] Started Dispatch Password Requests to Console Directory Watch.
[[0;32m  OK  [0m] Reached target Local Encrypted Volumes.
[[0;32m  OK  [0m] Started Tell Plymouth To Write Out Runtime Data.
[[0;32m  OK  [0m] Started Set console font and keymap.
[[0;32m  OK  [0m] Started Flush Journal to Persistent Storage.
         Starting Create Volatile Files and Directories...
[[0;32m  OK  [0m] Started ebtables ruleset management.
[[0;32m  OK  [0m] Started Create Volatile Files and Directories.
         Starting Update UTMP about System Boot/Shutdown...
[[0;32m  OK  [0m] Started Update UTMP about System Boot/Shutdown.
[[0;32m  OK  [0m] Found device /dev/ttyS0.
[[0;32m  OK  [0m] Listening on Load/Save RF Kill Switch Status /dev/rfkill Watch.
[[0;32m  OK  [0m] Started AppArmor initialization.
         Starting Initial cloud-init job (pre-networking)...
[   85.851962] cloud-init[537]: Cloud-init v. 19.1-1-gbaa47854-0ubuntu1~18.04.1 running 'init-local' at Fri, 06 Sep 2019 13:24:20 +0000. Up 85.11 seconds.
[[0;32m  OK  [0m] Started Initial cloud-init job (pre-networking).
[[0;32m  OK  [0m] Reached target Network (Pre).
         Starting Network Service...
[[0;32m  OK  [0m] Started Network Service.
         Starting Network Name Resolution...
         Starting Wait for Network to be Configured...
[[0;32m  OK  [0m] Started Network Name Resolution.
[[0;32m  OK  [0m] Reached target Host and Network Name Lookups.
[[0;32m  OK  [0m] Reached target Network.
[[0;32m  OK  [0m] Started Wait for Network to be Configured.
         Starting Initial cloud-init job (metadata service crawler)...
[   89.750924] cloud-init[663]: Cloud-init v. 19.1-1-gbaa47854-0ubuntu1~18.04.1 running 'init' at Fri, 06 Sep 2019 13:24:24 +0000. Up 89.15 seconds.
[   89.860787] cloud-init[663]: ci-info: ++++++++++++++++++++++++++++++++++++++Net device info+++++++++++++++++++++++++++++++++++++++
[   89.925526] cloud-init[663]: ci-info: +--------+------+-----------------------------+---------------+--------+-------------------+
[   90.044801] cloud-init[663]: ci-info: | Device |  Up  |           Address           |      Mask     | Scope  |     Hw-Address    |
[   90.124659] cloud-init[663]: ci-info: +--------+------+-----------------------------+---------------+--------+-------------------+
[   90.175637] cloud-init[663]: ci-info: | enp0s3 | True |          10.0.2.15          | 255.255.255.0 | global | 02:8d:8f:70:9f:84 |
[   90.210924] cloud-init[663]: ci-info: | enp0s3 | True |  fe80::8d:8fff:fe70:9f84/64 |       .       |  link  | 02:8d:8f:70:9f:84 |
[[0;32m  OK  [0m] Started Initial cloud-init job (metadata service crawler).
[   90.241801] [cloud-init[0;32m  OK  [0m[663]: ] ci-info: | enp0s8 | True |        192.168.33.10        | 255.255.255.0 | global | 08:00:27:0d:8c:f1 |Reached target Cloud-config availability.

[[0;32m  OK  [0m] Reached target System Initialization.
[   90.521898] [[0;32m  OK  [0m] Listening on UUID daemon activation socket.
[[0;32m  OK  [0m] Listening on Open-iSCSI iscsid Socket.
cloud-init[663]: ci-info: | enp0s8 | True | fe80::a00:27ff:fe0d:8cf1/64 |       .       |  link  | 08:00:27:0d:8c:f1 |
[[0;32m  OK  [0m] Started Daily Cleanup of Temporary Directories.
[   90.678564] [[0;32m  OK  [0m] Listening on ACPID Listen Socket.
cloud-init[663]: ci-info: |   lo   | True |          127.0.0.1          |   255.0.0.0   |  host  |         .         |
[   90.748647] cloud-init[663]: ci-info: |   lo   | True |           ::1/128           |       .       |  host  |         .         |
[[0;32m  OK  [0m] Started Message of the Day.
[   90.879842] cloud-init[663]: ci-info: +--------+------+-----------------------------+---------------+--------+-------------------+
         Starting Socket activation for snappy daemon.
[   91.072838] cloud-init[663]: ci-info: +++++++++++++++++++++++++++++Route IPv4 info+++++++++++++++++++++++++++++
[[0;32m  OK  [0m] Listening on D-Bus System Message Bus Socket.
[   91.253355] cloud-init[663]: ci-info: +-------+--------------+----------+-----------------+-----------+-------+
[[0;32m  OK  [0m] Started ACPI Events Check.
[[0;32m  OK  [0m] Reached target Paths.
[[0;32m  OK  [0m] Started Daily apt download activities.
[   91.483319] cloud-init[663]: ci-info: | Route | Destination  | Gateway  |     Genmask     | Interface | Flags |
[[0;32m  OK  [0m] Started Daily apt upgrade and clean activities.
[   91.759071] cloud-init[663]: ci-info: +-------+--------------+----------+-----------------+-----------+-------+
         Starting LXD - unix socket.
[   91.850950] cloud-init[663]: ci-info: |   0   |   0.0.0.0    | 10.0.2.2 |     0.0.0.0     |   enp0s3  |   UG  |
[[0;32m  OK  [0m] Started Discard unused blocks once a week.
[[0;32m  OK  [0m] Reached target Timers.
[[0;32m  OK  [0m] Reached target Network is Online.
[   91.953852] cloud-init[663]: ci-info: |   1   |   10.0.2.0   | 0.0.0.0  |  255.255.255.0  |   enp0s3  |   U   |
         Starting Availability of block devices...
[   92.136841] cloud-init[663]: ci-info: |   2   |   10.0.2.2   | 0.0.0.0  | 255.255.255.255 |   enp0s3  |   UH  |
[[0;32m  OK  [0m] Reached target Remote File Systems (Pre).
[[0;32m  OK  [0m] Reached target Remote File Systems.
[[0;32m  OK  [0m] Listening on Socket activation for snappy daemon.
[   92.318455] cloud-init[663]: ci-info: |   3   | 192.168.33.0 | 0.0.0.0  |  255.255.255.0  |   enp0s8  |   U   |
[[0;32m  OK  [0m] Listening on LXD - unix socket.
[   92.649775] cloud-init[663]: ci-info: +-------+--------------+----------+-----------------+-----------+-------+
[[0;32m  OK  [0m] Started Availability of block devices.
[   92.821119] cloud-init[663]: ci-info: +++++++++++++++++++Route IPv6 info+++++++++++++++++++
[[0;32m  OK  [0m] Reached target Sockets.
[   92.980925] [cloud-init[0;32m  OK  [0m[663]: ] ci-info: +-------+-------------+---------+-----------+-------+Reached target Basic System.

[[0;32m  OK  [0m] Started irqbalance daemon.
[   93.071308] cloud-init[663]: ci-info: | Route | Destination | Gateway | Interface | Flags |
[[0;32m  OK  [0m] Started Deferred execution scheduler.
[   93.141958] cloud-init[663]: ci-info: +-------+-------------+---------+-----------+-------+
         Starting OpenBSD Secure Shell server...
[   93.254325] cloud-init[663]: ci-info: |   1   |  fe80::/64  |    ::   |   enp0s8  |   U   |
         Starting Login Service...
[   93.298633] cloud-init[663]: ci-info: |   2   |  fe80::/64  |    ::   |   enp0s3  |   U   |
         Starting Message of the Day...
[   93.379600] cloud-init[663]: ci-info: |   4   |    local    |    ::   |   enp0s3  |   U   |
         Starting System Logging Service...
[   93.465479] cloud-init[663]: ci-info: |   5   |    local    |    ::   |   enp0s8  |   U   |
[[0;32m  OK  [0m] Started D-Bus System Message Bus.
[   93.522938] cloud-init[663]: ci-info: |   6   |   ff00::/8  |    ::   |   enp0s8  |   U   |
[[0;32m  OK  [0m] Started Login Service.
[   93.594876] cloud-init[663]: ci-info: |   7   |   ff00::/8  |    ::   |   enp0s3  |   U   |
[[0;32m  OK  [0m] Started Unattended Upgrades Shutdown.
[   93.692053] cloud-init[663]: ci-info: +-------+-------------+---------+-----------+-------+
[[0;32m  OK  [0m] Started Regular background program processing daemon.
         Starting Accounts Service...
         Starting Dispatcher daemon for systemd-networkd...
         Starting vboxadd.service...
         Starting LXD - container startup/shutdown...
         Starting LSB: Record successful boot for GRUB...
         Starting Permit User Sessions...
[[0;32m  OK  [0m] Started FUSE filesystem for LXC.
         Starting LSB: automatic crash report generation...
         Starting Snappy daemon...
[[0;32m  OK  [0m] Started System Logging Service.
[[0;32m  OK  [0m] Started Permit User Sessions.
[[0;32m  OK  [0m] Started OpenBSD Secure Shell server.
         Starting Authorization Manager...
         Starting Terminate Plymouth Boot Screen...
         Starting Hold until boot process finishes up...
[[0;32m  OK  [0m] Started Terminate Plymouth Boot Screen.
[[0;32m  OK  [0m] Started Hold until boot process finishes up.
[[0;32m  OK  [0m] Started Serial Getty on ttyS0.
         Starting Set console scheme...
[[0;32m  OK  [0m] Started LXD - container startup/shutdown.
[[0;32m  OK  [0m] Started LSB: Record successful boot for GRUB.
[[0;32m  OK  [0m] Started LSB: automatic crash report generation.
[[0;32m  OK  [0m] Started Set console scheme.
[[0;32m  OK  [0m] Started Authorization Manager.
[[0;32m  OK  [0m] Started Accounts Service.
[[0;32m  OK  [0m] Created slice system-getty.slice.
[[0;32m  OK  [0m] Started Getty on tty1.
[[0;32m  OK  [0m] Reached target Login Prompts.
[[0;32m  OK  [0m] Started Dispatcher daemon for systemd-networkd.
[[0;32m  OK  [0m] Started vboxadd.service.
         Starting vboxadd-service.service...
[[0;32m  OK  [0m] Started vboxadd-service.service.
[[0;32m  OK  [0m] Started Snappy daemon.
         Starting Wait until snapd is fully seeded...
[[0;32m  OK  [0m] Started Wait until snapd is fully seeded.
[[0;32m  OK  [0m] Reached target Multi-User System.
[[0;32m  OK  [0m] Reached target Graphical Interface.
         Starting Update UTMP about System Runlevel Changes...
         Starting Apply the settings specified in cloud-config...
[[0;32m  OK  [0m] Started Update UTMP about System Runlevel Changes.
[[0;32m  OK  [0m] Started Message of the Day.
[   97.542858] cloud-init[1102]: Cloud-init v. 19.1-1-gbaa47854-0ubuntu1~18.04.1 running 'modules:config' at Fri, 06 Sep 2019 13:24:32 +0000. Up 97.18 seconds.
[[0;32m  OK  [0m] Started Apply the settings specified in cloud-config.
         Starting Execute cloud user/final scripts...
[   99.444796] cloud-init[1159]: Cloud-init v. 19.1-1-gbaa47854-0ubuntu1~18.04.1 running 'modules:final' at Fri, 06 Sep 2019 13:24:34 +0000. Up 99.07 seconds.
[   99.460303] cloud-init[1159]: Cloud-init v. 19.1-1-gbaa47854-0ubuntu1~18.04.1 finished at Fri, 06 Sep 2019 13:24:35 +0000. Datasource DataSourceNoCloud [seed=/dev/sdb][dsmode=net].  Up 99.42 seconds
[[0;32m  OK  [0m] Started Execute cloud user/final scripts.
[[0;32m  OK  [0m] Reached target Cloud-init target.

Ubuntu 18.04.2 LTS ubuntu-bionic ttyS0

ubuntu-bionic login: 